<?xml version="1.0" encoding="UTF-8"?>
<!-- Generated by org.testng.reporters.JUnitXMLReporter -->
<testsuite hostname="Web-PC" ignored="0" name="Validate Sign up functionality for all VHS websites  " tests="2" failures="1" timestamp="19 Jul 2019 11:49:34 GMT" time="154.384" errors="0">
  <testcase name="verifyInvalidPasswordValidationMessage" time="127.173" classname="tests.SignUpTest"/>
  <testcase name="verifyNotSamePasswordValidationMessage" time="16.963" classname="tests.SignUpTest">
    <failure type="java.lang.AssertionError" message="Validation message is not showing same as per provided specification expected [true] but found [false]">
      <![CDATA[java.lang.AssertionError: Validation message is not showing same as per provided specification expected [true] but found [false]
at tests.SignUpTest.verifyNotSamePasswordValidationMessage(SignUpTest.java:43)
... Removed 28 stack frames]]>
    </failure>
  </testcase> <!-- verifyNotSamePasswordValidationMessage -->
</testsuite> <!-- Validate Sign up functionality for all VHS websites   -->
