<?xml version="1.0" encoding="UTF-8"?>
<testng-results skipped="0" failed="1" ignored="0" total="2" passed="1">
  <reporter-output>
  </reporter-output>
  <suite name="Suite" duration-ms="24648" started-at="2019-08-28T10:47:06Z" finished-at="2019-08-28T10:47:30Z">
    <groups>
    </groups>
    <test name="Validate web app" duration-ms="24648" started-at="2019-08-28T10:47:06Z" finished-at="2019-08-28T10:47:30Z">
      <class name="tests.TestWebApp">
        <test-method status="PASS" signature="openBrowser()[pri:0, instance:tests.TestWebApp@1bd4fdd]" name="openBrowser" is-config="true" duration-ms="22859" started-at="2019-08-28T10:47:06Z" finished-at="2019-08-28T10:47:28Z">
          <reporter-output>
          </reporter-output>
        </test-method> <!-- openBrowser -->
        <test-method status="PASS" signature="testCase1_VerifyfooterText()[pri:0, instance:tests.TestWebApp@1bd4fdd]" name="testCase1_VerifyfooterText" duration-ms="366" started-at="2019-08-28T10:47:29Z" finished-at="2019-08-28T10:47:29Z">
          <reporter-output>
          </reporter-output>
        </test-method> <!-- testCase1_VerifyfooterText -->
        <test-method status="FAIL" signature="testCase2_VerifyLogo()[pri:0, instance:tests.TestWebApp@1bd4fdd]" name="testCase2_VerifyLogo" duration-ms="120" started-at="2019-08-28T10:47:29Z" finished-at="2019-08-28T10:47:29Z">
          <exception class="java.lang.AssertionError">
            <message>
              <![CDATA[logo text is showing Aakash Nath instead of SaaS Leaders expected [true] but found [false]]]>
            </message>
            <full-stacktrace>
              <![CDATA[java.lang.AssertionError: logo text is showing Aakash Nath instead of SaaS Leaders expected [true] but found [false]
at org.testng.Assert.fail(Assert.java:96)
at org.testng.Assert.failNotEquals(Assert.java:776)
at org.testng.Assert.assertTrue(Assert.java:44)
at util.Utility.VerifyLogoText(Utility.java:20)
at tests.TestWebApp.testCase2_VerifyLogo(TestWebApp.java:31)
at sun.reflect.NativeMethodAccessorImpl.invoke0(Native Method)
at sun.reflect.NativeMethodAccessorImpl.invoke(Unknown Source)
at sun.reflect.DelegatingMethodAccessorImpl.invoke(Unknown Source)
at java.lang.reflect.Method.invoke(Unknown Source)
at org.testng.internal.MethodInvocationHelper.invokeMethod(MethodInvocationHelper.java:124)
at org.testng.internal.Invoker.invokeMethod(Invoker.java:583)
at org.testng.internal.Invoker.invokeTestMethod(Invoker.java:719)
at org.testng.internal.Invoker.invokeTestMethods(Invoker.java:989)
at org.testng.internal.TestMethodWorker.invokeTestMethods(TestMethodWorker.java:125)
at org.testng.internal.TestMethodWorker.run(TestMethodWorker.java:109)
at org.testng.TestRunner.privateRun(TestRunner.java:648)
at org.testng.TestRunner.run(TestRunner.java:505)
at org.testng.SuiteRunner.runTest(SuiteRunner.java:455)
at org.testng.SuiteRunner.runSequentially(SuiteRunner.java:450)
at org.testng.SuiteRunner.privateRun(SuiteRunner.java:415)
at org.testng.SuiteRunner.run(SuiteRunner.java:364)
at org.testng.SuiteRunnerWorker.runSuite(SuiteRunnerWorker.java:52)
at org.testng.SuiteRunnerWorker.run(SuiteRunnerWorker.java:84)
at org.testng.TestNG.runSuitesSequentially(TestNG.java:1208)
at org.testng.TestNG.runSuitesLocally(TestNG.java:1137)
at org.testng.TestNG.runSuites(TestNG.java:1049)
at org.testng.TestNG.run(TestNG.java:1017)
at org.testng.remote.AbstractRemoteTestNG.run(AbstractRemoteTestNG.java:115)
at org.testng.remote.RemoteTestNG.initAndRun(RemoteTestNG.java:251)
at org.testng.remote.RemoteTestNG.main(RemoteTestNG.java:77)
]]>
            </full-stacktrace>
          </exception> <!-- java.lang.AssertionError -->
          <reporter-output>
          </reporter-output>
        </test-method> <!-- testCase2_VerifyLogo -->
        <test-method status="PASS" signature="closeBrowser()[pri:0, instance:tests.TestWebApp@1bd4fdd]" name="closeBrowser" is-config="true" duration-ms="592" started-at="2019-08-28T10:47:30Z" finished-at="2019-08-28T10:47:30Z">
          <reporter-output>
          </reporter-output>
        </test-method> <!-- closeBrowser -->
      </class> <!-- tests.TestWebApp -->
    </test> <!-- Validate web app -->
  </suite> <!-- Suite -->
</testng-results>
